<?xml version="1.0" encoding="UTF-8"?>
<testsuite xmlns:xsi="http://www.w3.org/2001/XMLSchema-instance" xsi:noNamespaceSchemaLocation="https://maven.apache.org/surefire/maven-surefire-plugin/xsd/surefire-test-report-3.0.xsd" version="3.0" name="TestSuite" time="37.552" tests="2" errors="0" skipped="1" failures="1">
  <properties>
    <property name="java.specification.version" value="17"/>
    <property name="sun.jnu.encoding" value="UTF-8"/>
    <property name="java.class.path" value="/Users/abdulchoudhury/SeleniumTrainingWithShetty/SeleniumFrameworkDesign/target/test-classes:/Users/abdulchoudhury/SeleniumTrainingWithShetty/SeleniumFrameworkDesign/target/classes:/Users/abdulchoudhury/.m2/repository/org/seleniumhq/selenium/selenium-java/4.19.1/selenium-java-4.19.1.jar:/Users/abdulchoudhury/.m2/repository/org/seleniumhq/selenium/selenium-api/4.19.1/selenium-api-4.19.1.jar:/Users/abdulchoudhury/.m2/repository/org/seleniumhq/selenium/selenium-chrome-driver/4.19.1/selenium-chrome-driver-4.19.1.jar:/Users/abdulchoudhury/.m2/repository/com/google/auto/service/auto-service-annotations/1.1.1/auto-service-annotations-1.1.1.jar:/Users/abdulchoudhury/.m2/repository/org/seleniumhq/selenium/selenium-chromium-driver/4.19.1/selenium-chromium-driver-4.19.1.jar:/Users/abdulchoudhury/.m2/repository/org/seleniumhq/selenium/selenium-json/4.19.1/selenium-json-4.19.1.jar:/Users/abdulchoudhury/.m2/repository/org/seleniumhq/selenium/selenium-manager/4.19.1/selenium-manager-4.19.1.jar:/Users/abdulchoudhury/.m2/repository/org/seleniumhq/selenium/selenium-devtools-v121/4.19.1/selenium-devtools-v121-4.19.1.jar:/Users/abdulchoudhury/.m2/repository/org/seleniumhq/selenium/selenium-devtools-v122/4.19.1/selenium-devtools-v122-4.19.1.jar:/Users/abdulchoudhury/.m2/repository/org/seleniumhq/selenium/selenium-devtools-v123/4.19.1/selenium-devtools-v123-4.19.1.jar:/Users/abdulchoudhury/.m2/repository/org/seleniumhq/selenium/selenium-devtools-v85/4.19.1/selenium-devtools-v85-4.19.1.jar:/Users/abdulchoudhury/.m2/repository/org/seleniumhq/selenium/selenium-edge-driver/4.19.1/selenium-edge-driver-4.19.1.jar:/Users/abdulchoudhury/.m2/repository/org/seleniumhq/selenium/selenium-firefox-driver/4.19.1/selenium-firefox-driver-4.19.1.jar:/Users/abdulchoudhury/.m2/repository/org/seleniumhq/selenium/selenium-http/4.19.1/selenium-http-4.19.1.jar:/Users/abdulchoudhury/.m2/repository/dev/failsafe/failsafe/3.3.2/failsafe-3.3.2.jar:/Users/abdulchoudhury/.m2/repository/org/seleniumhq/selenium/selenium-ie-driver/4.19.1/selenium-ie-driver-4.19.1.jar:/Users/abdulchoudhury/.m2/repository/org/seleniumhq/selenium/selenium-remote-driver/4.19.1/selenium-remote-driver-4.19.1.jar:/Users/abdulchoudhury/.m2/repository/com/google/guava/guava/33.1.0-jre/guava-33.1.0-jre.jar:/Users/abdulchoudhury/.m2/repository/com/google/guava/failureaccess/1.0.2/failureaccess-1.0.2.jar:/Users/abdulchoudhury/.m2/repository/com/google/guava/listenablefuture/9999.0-empty-to-avoid-conflict-with-guava/listenablefuture-9999.0-empty-to-avoid-conflict-with-guava.jar:/Users/abdulchoudhury/.m2/repository/com/google/code/findbugs/jsr305/3.0.2/jsr305-3.0.2.jar:/Users/abdulchoudhury/.m2/repository/org/checkerframework/checker-qual/3.42.0/checker-qual-3.42.0.jar:/Users/abdulchoudhury/.m2/repository/com/google/errorprone/error_prone_annotations/2.26.1/error_prone_annotations-2.26.1.jar:/Users/abdulchoudhury/.m2/repository/com/google/j2objc/j2objc-annotations/3.0.0/j2objc-annotations-3.0.0.jar:/Users/abdulchoudhury/.m2/repository/io/opentelemetry/semconv/opentelemetry-semconv/1.23.1-alpha/opentelemetry-semconv-1.23.1-alpha.jar:/Users/abdulchoudhury/.m2/repository/io/opentelemetry/opentelemetry-api/1.36.0/opentelemetry-api-1.36.0.jar:/Users/abdulchoudhury/.m2/repository/io/opentelemetry/opentelemetry-context/1.36.0/opentelemetry-context-1.36.0.jar:/Users/abdulchoudhury/.m2/repository/io/opentelemetry/opentelemetry-exporter-logging/1.36.0/opentelemetry-exporter-logging-1.36.0.jar:/Users/abdulchoudhury/.m2/repository/io/opentelemetry/opentelemetry-sdk-common/1.36.0/opentelemetry-sdk-common-1.36.0.jar:/Users/abdulchoudhury/.m2/repository/io/opentelemetry/opentelemetry-sdk-extension-autoconfigure-spi/1.36.0/opentelemetry-sdk-extension-autoconfigure-spi-1.36.0.jar:/Users/abdulchoudhury/.m2/repository/io/opentelemetry/opentelemetry-sdk-extension-autoconfigure/1.36.0/opentelemetry-sdk-extension-autoconfigure-1.36.0.jar:/Users/abdulchoudhury/.m2/repository/io/opentelemetry/opentelemetry-api-events/1.36.0-alpha/opentelemetry-api-events-1.36.0-alpha.jar:/Users/abdulchoudhury/.m2/repository/io/opentelemetry/opentelemetry-sdk-trace/1.36.0/opentelemetry-sdk-trace-1.36.0.jar:/Users/abdulchoudhury/.m2/repository/io/opentelemetry/opentelemetry-extension-incubator/1.36.0-alpha/opentelemetry-extension-incubator-1.36.0-alpha.jar:/Users/abdulchoudhury/.m2/repository/io/opentelemetry/opentelemetry-sdk/1.36.0/opentelemetry-sdk-1.36.0.jar:/Users/abdulchoudhury/.m2/repository/io/opentelemetry/opentelemetry-sdk-metrics/1.36.0/opentelemetry-sdk-metrics-1.36.0.jar:/Users/abdulchoudhury/.m2/repository/io/opentelemetry/opentelemetry-sdk-logs/1.36.0/opentelemetry-sdk-logs-1.36.0.jar:/Users/abdulchoudhury/.m2/repository/net/bytebuddy/byte-buddy/1.14.12/byte-buddy-1.14.12.jar:/Users/abdulchoudhury/.m2/repository/org/seleniumhq/selenium/selenium-os/4.19.1/selenium-os-4.19.1.jar:/Users/abdulchoudhury/.m2/repository/org/apache/commons/commons-exec/1.3/commons-exec-1.3.jar:/Users/abdulchoudhury/.m2/repository/org/seleniumhq/selenium/selenium-safari-driver/4.19.1/selenium-safari-driver-4.19.1.jar:/Users/abdulchoudhury/.m2/repository/org/seleniumhq/selenium/selenium-support/4.19.1/selenium-support-4.19.1.jar:/Users/abdulchoudhury/.m2/repository/io/cucumber/cucumber-java/7.5.0/cucumber-java-7.5.0.jar:/Users/abdulchoudhury/.m2/repository/io/cucumber/cucumber-core/7.5.0/cucumber-core-7.5.0.jar:/Users/abdulchoudhury/.m2/repository/io/cucumber/cucumber-gherkin/7.5.0/cucumber-gherkin-7.5.0.jar:/Users/abdulchoudhury/.m2/repository/io/cucumber/cucumber-gherkin-messages/7.5.0/cucumber-gherkin-messages-7.5.0.jar:/Users/abdulchoudhury/.m2/repository/io/cucumber/gherkin/23.0.1/gherkin-23.0.1.jar:/Users/abdulchoudhury/.m2/repository/io/cucumber/messages/18.0.0/messages-18.0.0.jar:/Users/abdulchoudhury/.m2/repository/io/cucumber/tag-expressions/4.1.0/tag-expressions-4.1.0.jar:/Users/abdulchoudhury/.m2/repository/io/cucumber/cucumber-expressions/16.0.0/cucumber-expressions-16.0.0.jar:/Users/abdulchoudhury/.m2/repository/io/cucumber/datatable/7.5.0/datatable-7.5.0.jar:/Users/abdulchoudhury/.m2/repository/io/cucumber/cucumber-plugin/7.5.0/cucumber-plugin-7.5.0.jar:/Users/abdulchoudhury/.m2/repository/io/cucumber/docstring/7.5.0/docstring-7.5.0.jar:/Users/abdulchoudhury/.m2/repository/io/cucumber/html-formatter/19.2.0/html-formatter-19.2.0.jar:/Users/abdulchoudhury/.m2/repository/io/cucumber/ci-environment/9.1.0/ci-environment-9.1.0.jar:/Users/abdulchoudhury/.m2/repository/org/apiguardian/apiguardian-api/1.1.2/apiguardian-api-1.1.2.jar:/Users/abdulchoudhury/.m2/repository/io/cucumber/cucumber-testng/7.5.0/cucumber-testng-7.5.0.jar:/Users/abdulchoudhury/.m2/repository/com/aventstack/extentreports/5.0.9/extentreports-5.0.9.jar:/Users/abdulchoudhury/.m2/repository/io/reactivex/rxjava3/rxjava/3.0.4/rxjava-3.0.4.jar:/Users/abdulchoudhury/.m2/repository/org/reactivestreams/reactive-streams/1.0.3/reactive-streams-1.0.3.jar:/Users/abdulchoudhury/.m2/repository/org/freemarker/freemarker/2.3.30/freemarker-2.3.30.jar:/Users/abdulchoudhury/.m2/repository/org/projectlombok/lombok/1.18.12/lombok-1.18.12.jar:/Users/abdulchoudhury/.m2/repository/com/google/code/gson/gson/2.8.6/gson-2.8.6.jar:/Users/abdulchoudhury/.m2/repository/org/apache/poi/poi/5.2.5/poi-5.2.5.jar:/Users/abdulchoudhury/.m2/repository/commons-codec/commons-codec/1.16.0/commons-codec-1.16.0.jar:/Users/abdulchoudhury/.m2/repository/org/apache/commons/commons-collections4/4.4/commons-collections4-4.4.jar:/Users/abdulchoudhury/.m2/repository/org/apache/commons/commons-math3/3.6.1/commons-math3-3.6.1.jar:/Users/abdulchoudhury/.m2/repository/commons-io/commons-io/2.15.0/commons-io-2.15.0.jar:/Users/abdulchoudhury/.m2/repository/com/zaxxer/SparseBitSet/1.3/SparseBitSet-1.3.jar:/Users/abdulchoudhury/.m2/repository/org/apache/logging/log4j/log4j-api/2.21.1/log4j-api-2.21.1.jar:/Users/abdulchoudhury/.m2/repository/org/testng/testng/6.14.3/testng-6.14.3.jar:/Users/abdulchoudhury/.m2/repository/com/beust/jcommander/1.72/jcommander-1.72.jar:/Users/abdulchoudhury/.m2/repository/org/apache-extras/beanshell/bsh/2.0b6/bsh-2.0b6.jar:/Users/abdulchoudhury/.m2/repository/com/fasterxml/jackson/core/jackson-databind/2.13.3/jackson-databind-2.13.3.jar:/Users/abdulchoudhury/.m2/repository/com/fasterxml/jackson/core/jackson-annotations/2.13.3/jackson-annotations-2.13.3.jar:/Users/abdulchoudhury/.m2/repository/com/fasterxml/jackson/core/jackson-core/2.13.3/jackson-core-2.13.3.jar:"/>
    <property name="java.vm.vendor" value="Oracle Corporation"/>
    <property name="sun.arch.data.model" value="64"/>
    <property name="java.vendor.url" value="https://java.oracle.com/"/>
    <property name="user.timezone" value="America/New_York"/>
    <property name="os.name" value="Mac OS X"/>
    <property name="java.vm.specification.version" value="17"/>
    <property name="sun.java.launcher" value="SUN_STANDARD"/>
    <property name="user.country" value="US"/>
    <property name="sun.boot.library.path" value="/Library/Java/JavaVirtualMachines/jdk-17.0.1.jdk/Contents/Home/lib"/>
    <property name="sun.java.command" value="/Users/abdulchoudhury/SeleniumTrainingWithShetty/SeleniumFrameworkDesign/target/surefire/surefirebooter4591540968671964449.jar /Users/abdulchoudhury/SeleniumTrainingWithShetty/SeleniumFrameworkDesign/target/surefire 2024-05-27T18-30-24_232-jvmRun1 surefire11958409701447595161tmp surefire_06901906971771747579tmp"/>
    <property name="http.nonProxyHosts" value="local|*.local|169.254/16|*.169.254/16"/>
    <property name="jdk.debug" value="release"/>
    <property name="surefire.test.class.path" value="/Users/abdulchoudhury/SeleniumTrainingWithShetty/SeleniumFrameworkDesign/target/test-classes:/Users/abdulchoudhury/SeleniumTrainingWithShetty/SeleniumFrameworkDesign/target/classes:/Users/abdulchoudhury/.m2/repository/org/seleniumhq/selenium/selenium-java/4.19.1/selenium-java-4.19.1.jar:/Users/abdulchoudhury/.m2/repository/org/seleniumhq/selenium/selenium-api/4.19.1/selenium-api-4.19.1.jar:/Users/abdulchoudhury/.m2/repository/org/seleniumhq/selenium/selenium-chrome-driver/4.19.1/selenium-chrome-driver-4.19.1.jar:/Users/abdulchoudhury/.m2/repository/com/google/auto/service/auto-service-annotations/1.1.1/auto-service-annotations-1.1.1.jar:/Users/abdulchoudhury/.m2/repository/org/seleniumhq/selenium/selenium-chromium-driver/4.19.1/selenium-chromium-driver-4.19.1.jar:/Users/abdulchoudhury/.m2/repository/org/seleniumhq/selenium/selenium-json/4.19.1/selenium-json-4.19.1.jar:/Users/abdulchoudhury/.m2/repository/org/seleniumhq/selenium/selenium-manager/4.19.1/selenium-manager-4.19.1.jar:/Users/abdulchoudhury/.m2/repository/org/seleniumhq/selenium/selenium-devtools-v121/4.19.1/selenium-devtools-v121-4.19.1.jar:/Users/abdulchoudhury/.m2/repository/org/seleniumhq/selenium/selenium-devtools-v122/4.19.1/selenium-devtools-v122-4.19.1.jar:/Users/abdulchoudhury/.m2/repository/org/seleniumhq/selenium/selenium-devtools-v123/4.19.1/selenium-devtools-v123-4.19.1.jar:/Users/abdulchoudhury/.m2/repository/org/seleniumhq/selenium/selenium-devtools-v85/4.19.1/selenium-devtools-v85-4.19.1.jar:/Users/abdulchoudhury/.m2/repository/org/seleniumhq/selenium/selenium-edge-driver/4.19.1/selenium-edge-driver-4.19.1.jar:/Users/abdulchoudhury/.m2/repository/org/seleniumhq/selenium/selenium-firefox-driver/4.19.1/selenium-firefox-driver-4.19.1.jar:/Users/abdulchoudhury/.m2/repository/org/seleniumhq/selenium/selenium-http/4.19.1/selenium-http-4.19.1.jar:/Users/abdulchoudhury/.m2/repository/dev/failsafe/failsafe/3.3.2/failsafe-3.3.2.jar:/Users/abdulchoudhury/.m2/repository/org/seleniumhq/selenium/selenium-ie-driver/4.19.1/selenium-ie-driver-4.19.1.jar:/Users/abdulchoudhury/.m2/repository/org/seleniumhq/selenium/selenium-remote-driver/4.19.1/selenium-remote-driver-4.19.1.jar:/Users/abdulchoudhury/.m2/repository/com/google/guava/guava/33.1.0-jre/guava-33.1.0-jre.jar:/Users/abdulchoudhury/.m2/repository/com/google/guava/failureaccess/1.0.2/failureaccess-1.0.2.jar:/Users/abdulchoudhury/.m2/repository/com/google/guava/listenablefuture/9999.0-empty-to-avoid-conflict-with-guava/listenablefuture-9999.0-empty-to-avoid-conflict-with-guava.jar:/Users/abdulchoudhury/.m2/repository/com/google/code/findbugs/jsr305/3.0.2/jsr305-3.0.2.jar:/Users/abdulchoudhury/.m2/repository/org/checkerframework/checker-qual/3.42.0/checker-qual-3.42.0.jar:/Users/abdulchoudhury/.m2/repository/com/google/errorprone/error_prone_annotations/2.26.1/error_prone_annotations-2.26.1.jar:/Users/abdulchoudhury/.m2/repository/com/google/j2objc/j2objc-annotations/3.0.0/j2objc-annotations-3.0.0.jar:/Users/abdulchoudhury/.m2/repository/io/opentelemetry/semconv/opentelemetry-semconv/1.23.1-alpha/opentelemetry-semconv-1.23.1-alpha.jar:/Users/abdulchoudhury/.m2/repository/io/opentelemetry/opentelemetry-api/1.36.0/opentelemetry-api-1.36.0.jar:/Users/abdulchoudhury/.m2/repository/io/opentelemetry/opentelemetry-context/1.36.0/opentelemetry-context-1.36.0.jar:/Users/abdulchoudhury/.m2/repository/io/opentelemetry/opentelemetry-exporter-logging/1.36.0/opentelemetry-exporter-logging-1.36.0.jar:/Users/abdulchoudhury/.m2/repository/io/opentelemetry/opentelemetry-sdk-common/1.36.0/opentelemetry-sdk-common-1.36.0.jar:/Users/abdulchoudhury/.m2/repository/io/opentelemetry/opentelemetry-sdk-extension-autoconfigure-spi/1.36.0/opentelemetry-sdk-extension-autoconfigure-spi-1.36.0.jar:/Users/abdulchoudhury/.m2/repository/io/opentelemetry/opentelemetry-sdk-extension-autoconfigure/1.36.0/opentelemetry-sdk-extension-autoconfigure-1.36.0.jar:/Users/abdulchoudhury/.m2/repository/io/opentelemetry/opentelemetry-api-events/1.36.0-alpha/opentelemetry-api-events-1.36.0-alpha.jar:/Users/abdulchoudhury/.m2/repository/io/opentelemetry/opentelemetry-sdk-trace/1.36.0/opentelemetry-sdk-trace-1.36.0.jar:/Users/abdulchoudhury/.m2/repository/io/opentelemetry/opentelemetry-extension-incubator/1.36.0-alpha/opentelemetry-extension-incubator-1.36.0-alpha.jar:/Users/abdulchoudhury/.m2/repository/io/opentelemetry/opentelemetry-sdk/1.36.0/opentelemetry-sdk-1.36.0.jar:/Users/abdulchoudhury/.m2/repository/io/opentelemetry/opentelemetry-sdk-metrics/1.36.0/opentelemetry-sdk-metrics-1.36.0.jar:/Users/abdulchoudhury/.m2/repository/io/opentelemetry/opentelemetry-sdk-logs/1.36.0/opentelemetry-sdk-logs-1.36.0.jar:/Users/abdulchoudhury/.m2/repository/net/bytebuddy/byte-buddy/1.14.12/byte-buddy-1.14.12.jar:/Users/abdulchoudhury/.m2/repository/org/seleniumhq/selenium/selenium-os/4.19.1/selenium-os-4.19.1.jar:/Users/abdulchoudhury/.m2/repository/org/apache/commons/commons-exec/1.3/commons-exec-1.3.jar:/Users/abdulchoudhury/.m2/repository/org/seleniumhq/selenium/selenium-safari-driver/4.19.1/selenium-safari-driver-4.19.1.jar:/Users/abdulchoudhury/.m2/repository/org/seleniumhq/selenium/selenium-support/4.19.1/selenium-support-4.19.1.jar:/Users/abdulchoudhury/.m2/repository/io/cucumber/cucumber-java/7.5.0/cucumber-java-7.5.0.jar:/Users/abdulchoudhury/.m2/repository/io/cucumber/cucumber-core/7.5.0/cucumber-core-7.5.0.jar:/Users/abdulchoudhury/.m2/repository/io/cucumber/cucumber-gherkin/7.5.0/cucumber-gherkin-7.5.0.jar:/Users/abdulchoudhury/.m2/repository/io/cucumber/cucumber-gherkin-messages/7.5.0/cucumber-gherkin-messages-7.5.0.jar:/Users/abdulchoudhury/.m2/repository/io/cucumber/gherkin/23.0.1/gherkin-23.0.1.jar:/Users/abdulchoudhury/.m2/repository/io/cucumber/messages/18.0.0/messages-18.0.0.jar:/Users/abdulchoudhury/.m2/repository/io/cucumber/tag-expressions/4.1.0/tag-expressions-4.1.0.jar:/Users/abdulchoudhury/.m2/repository/io/cucumber/cucumber-expressions/16.0.0/cucumber-expressions-16.0.0.jar:/Users/abdulchoudhury/.m2/repository/io/cucumber/datatable/7.5.0/datatable-7.5.0.jar:/Users/abdulchoudhury/.m2/repository/io/cucumber/cucumber-plugin/7.5.0/cucumber-plugin-7.5.0.jar:/Users/abdulchoudhury/.m2/repository/io/cucumber/docstring/7.5.0/docstring-7.5.0.jar:/Users/abdulchoudhury/.m2/repository/io/cucumber/html-formatter/19.2.0/html-formatter-19.2.0.jar:/Users/abdulchoudhury/.m2/repository/io/cucumber/ci-environment/9.1.0/ci-environment-9.1.0.jar:/Users/abdulchoudhury/.m2/repository/org/apiguardian/apiguardian-api/1.1.2/apiguardian-api-1.1.2.jar:/Users/abdulchoudhury/.m2/repository/io/cucumber/cucumber-testng/7.5.0/cucumber-testng-7.5.0.jar:/Users/abdulchoudhury/.m2/repository/com/aventstack/extentreports/5.0.9/extentreports-5.0.9.jar:/Users/abdulchoudhury/.m2/repository/io/reactivex/rxjava3/rxjava/3.0.4/rxjava-3.0.4.jar:/Users/abdulchoudhury/.m2/repository/org/reactivestreams/reactive-streams/1.0.3/reactive-streams-1.0.3.jar:/Users/abdulchoudhury/.m2/repository/org/freemarker/freemarker/2.3.30/freemarker-2.3.30.jar:/Users/abdulchoudhury/.m2/repository/org/projectlombok/lombok/1.18.12/lombok-1.18.12.jar:/Users/abdulchoudhury/.m2/repository/com/google/code/gson/gson/2.8.6/gson-2.8.6.jar:/Users/abdulchoudhury/.m2/repository/org/apache/poi/poi/5.2.5/poi-5.2.5.jar:/Users/abdulchoudhury/.m2/repository/commons-codec/commons-codec/1.16.0/commons-codec-1.16.0.jar:/Users/abdulchoudhury/.m2/repository/org/apache/commons/commons-collections4/4.4/commons-collections4-4.4.jar:/Users/abdulchoudhury/.m2/repository/org/apache/commons/commons-math3/3.6.1/commons-math3-3.6.1.jar:/Users/abdulchoudhury/.m2/repository/commons-io/commons-io/2.15.0/commons-io-2.15.0.jar:/Users/abdulchoudhury/.m2/repository/com/zaxxer/SparseBitSet/1.3/SparseBitSet-1.3.jar:/Users/abdulchoudhury/.m2/repository/org/apache/logging/log4j/log4j-api/2.21.1/log4j-api-2.21.1.jar:/Users/abdulchoudhury/.m2/repository/org/testng/testng/6.14.3/testng-6.14.3.jar:/Users/abdulchoudhury/.m2/repository/com/beust/jcommander/1.72/jcommander-1.72.jar:/Users/abdulchoudhury/.m2/repository/org/apache-extras/beanshell/bsh/2.0b6/bsh-2.0b6.jar:/Users/abdulchoudhury/.m2/repository/com/fasterxml/jackson/core/jackson-databind/2.13.3/jackson-databind-2.13.3.jar:/Users/abdulchoudhury/.m2/repository/com/fasterxml/jackson/core/jackson-annotations/2.13.3/jackson-annotations-2.13.3.jar:/Users/abdulchoudhury/.m2/repository/com/fasterxml/jackson/core/jackson-core/2.13.3/jackson-core-2.13.3.jar:"/>
    <property name="sun.cpu.endian" value="little"/>
    <property name="user.home" value="/Users/abdulchoudhury"/>
    <property name="user.language" value="en"/>
    <property name="java.specification.vendor" value="Oracle Corporation"/>
    <property name="java.version.date" value="2021-10-19"/>
    <property name="java.home" value="/Library/Java/JavaVirtualMachines/jdk-17.0.1.jdk/Contents/Home"/>
    <property name="file.separator" value="/"/>
    <property name="basedir" value="/Users/abdulchoudhury/SeleniumTrainingWithShetty/SeleniumFrameworkDesign"/>
    <property name="java.vm.compressedOopsMode" value="Zero based"/>
    <property name="line.separator" value="&#10;"/>
    <property name="java.vm.specification.vendor" value="Oracle Corporation"/>
    <property name="java.specification.name" value="Java Platform API Specification"/>
    <property name="surefire.real.class.path" value="/Users/abdulchoudhury/SeleniumTrainingWithShetty/SeleniumFrameworkDesign/target/surefire/surefirebooter4591540968671964449.jar"/>
    <property name="sun.management.compiler" value="HotSpot 64-Bit Tiered Compilers"/>
    <property name="ftp.nonProxyHosts" value="local|*.local|169.254/16|*.169.254/16"/>
    <property name="java.runtime.version" value="17.0.1+12-LTS-39"/>
    <property name="user.name" value="abdulchoudhury"/>
    <property name="path.separator" value=":"/>
    <property name="os.version" value="14.4.1"/>
    <property name="java.runtime.name" value="Java(TM) SE Runtime Environment"/>
    <property name="file.encoding" value="UTF-8"/>
    <property name="browser" value="chrome"/>
    <property name="java.vm.name" value="Java HotSpot(TM) 64-Bit Server VM"/>
    <property name="localRepository" value="/Users/abdulchoudhury/.m2/repository"/>
    <property name="java.vendor.url.bug" value="https://bugreport.java.com/bugreport/"/>
    <property name="java.io.tmpdir" value="/var/folders/wp/6bpvyprs60zb0vyv5n_nj6p00000gn/T/"/>
    <property name="java.version" value="17.0.1"/>
    <property name="user.dir" value="/Users/abdulchoudhury/SeleniumTrainingWithShetty/SeleniumFrameworkDesign"/>
    <property name="os.arch" value="x86_64"/>
    <property name="java.vm.specification.name" value="Java Virtual Machine Specification"/>
    <property name="native.encoding" value="UTF-8"/>
    <property name="java.library.path" value="/Users/abdulchoudhury/Library/Java/Extensions:/Library/Java/Extensions:/Network/Library/Java/Extensions:/System/Library/Java/Extensions:/usr/lib/java:."/>
    <property name="java.vm.info" value="mixed mode, sharing"/>
    <property name="java.vendor" value="Oracle Corporation"/>
    <property name="java.vm.version" value="17.0.1+12-LTS-39"/>
    <property name="sun.io.unicode.encoding" value="UnicodeBig"/>
    <property name="socksNonProxyHosts" value="local|*.local|169.254/16|*.169.254/16"/>
    <property name="java.class.version" value="61.0"/>
  </properties>
  <testcase name="LoginErrorValidation" classname="rahulshettyacademy.tests.ErrorValidationsTest" time="0">
    <skipped message="expected [Incorrect email or password.] but found [Incorrect email password.]"/>
    <system-out><![CDATA[[TestNGContentHandler] [WARN] It is strongly recommended to add "<!DOCTYPE suite SYSTEM "http://testng.org/testng-1.0.dtd" >" at the top of your file, otherwise TestNG may fail or not work as expected.
]]></system-out>
    <system-err><![CDATA[May 27, 2024 6:30:32 PM org.openqa.selenium.devtools.CdpVersionFinder findNearestMatch
WARNING: Unable to find an exact match for CDP version 125, returning the closest version; found: 123; Please update to a Selenium version that supports CDP version 125
]]></system-err>
  </testcase>
  <testcase name="LoginErrorValidation" classname="rahulshettyacademy.tests.ErrorValidationsTest" time="3.514">
    <failure message="expected [Incorrect email or password.] but found [Incorrect email password.]" type="java.lang.AssertionError"><![CDATA[java.lang.AssertionError: expected [Incorrect email or password.] but found [Incorrect email password.]
	at org.testng.Assert.fail(Assert.java:96)
	at org.testng.Assert.failNotEquals(Assert.java:776)
	at org.testng.Assert.assertEqualsImpl(Assert.java:137)
	at org.testng.Assert.assertEquals(Assert.java:118)
	at org.testng.Assert.assertEquals(Assert.java:453)
	at org.testng.Assert.assertEquals(Assert.java:463)
	at rahulshettyacademy.tests.ErrorValidationsTest.LoginErrorValidation(ErrorValidationsTest.java:22)
	at java.base/jdk.internal.reflect.NativeMethodAccessorImpl.invoke0(Native Method)
	at java.base/jdk.internal.reflect.NativeMethodAccessorImpl.invoke(NativeMethodAccessorImpl.java:77)
	at java.base/jdk.internal.reflect.DelegatingMethodAccessorImpl.invoke(DelegatingMethodAccessorImpl.java:43)
	at java.base/java.lang.reflect.Method.invoke(Method.java:568)
	at org.testng.internal.MethodInvocationHelper.invokeMethod(MethodInvocationHelper.java:124)
	at org.testng.internal.Invoker.invokeMethod(Invoker.java:583)
	at org.testng.internal.Invoker.retryFailed(Invoker.java:839)
	at org.testng.internal.Invoker.invokeTestMethods(Invoker.java:1010)
	at org.testng.internal.TestMethodWorker.invokeTestMethods(TestMethodWorker.java:125)
	at org.testng.internal.TestMethodWorker.run(TestMethodWorker.java:109)
	at org.testng.TestRunner.privateRun(TestRunner.java:648)
	at org.testng.TestRunner.run(TestRunner.java:505)
	at org.testng.SuiteRunner.runTest(SuiteRunner.java:455)
	at org.testng.SuiteRunner.access$000(SuiteRunner.java:40)
	at org.testng.SuiteRunner$SuiteWorker.run(SuiteRunner.java:489)
	at org.testng.internal.thread.ThreadUtil$1.call(ThreadUtil.java:52)
	at java.base/java.util.concurrent.FutureTask.run(FutureTask.java:264)
	at java.base/java.util.concurrent.ThreadPoolExecutor.runWorker(ThreadPoolExecutor.java:1136)
	at java.base/java.util.concurrent.ThreadPoolExecutor$Worker.run(ThreadPoolExecutor.java:635)
	at java.base/java.lang.Thread.run(Thread.java:833)
]]></failure>
    <system-err><![CDATA[May 27, 2024 6:30:50 PM org.openqa.selenium.devtools.CdpVersionFinder findNearestMatch
WARNING: Unable to find an exact match for CDP version 125, returning the closest version; found: 123; Please update to a Selenium version that supports CDP version 125
]]></system-err>
  </testcase>
</testsuite>