<?xml version="1.0" encoding="UTF-8"?>
<!-- Generated by org.testng.reporters.JUnitReportReporter -->
<testsuite hostname="Abduls-MBP" failures="0" tests="3" name="rahulshettyacademy.tests.SubmitOrderTest" time="24.513" errors="0" timestamp="27 May 2024 21:17:01 GMT" skipped="0">
  <testcase classname="rahulshettyacademy.tests.SubmitOrderTest" name="OrderHistoryTest" time="3.863"/>
  <testcase classname="rahulshettyacademy.tests.SubmitOrderTest" name="submitOrder" time="12.044"/>
  <testcase classname="rahulshettyacademy.tests.SubmitOrderTest" name="submitOrder" time="8.606"/>
</testsuite> <!-- rahulshettyacademy.tests.SubmitOrderTest -->
