<?xml version="1.0" encoding="UTF-8"?>
<!-- Generated by org.testng.reporters.JUnitReportReporter -->
<testsuite hostname="Abduls-MBP" failures="0" tests="3" name="rahulshettyacademy.tests.SubmitOrderTest" time="116.560" errors="0" timestamp="27 May 2024 22:19:20 GMT" skipped="0">
  <testcase classname="rahulshettyacademy.tests.SubmitOrderTest" name="submitOrder" time="46.857"/>
  <testcase classname="rahulshettyacademy.tests.SubmitOrderTest" name="OrderHistoryTest" time="23.415"/>
  <testcase classname="rahulshettyacademy.tests.SubmitOrderTest" name="submitOrder" time="46.288"/>
</testsuite> <!-- rahulshettyacademy.tests.SubmitOrderTest -->
